<?xml version="1.0" encoding="UTF-8"?>
<testsuite name="MockInputTest" tests="1" skipped="0" failures="0" errors="0" timestamp="2019-10-10T21:50:49" hostname="harukogaki" time="0.011">
  <properties/>
  <testcase name="shouldMockInputWithJava" classname="MockInputTest" time="0.011"/>
  <system-out><![CDATA[]]></system-out>
  <system-err><![CDATA[]]></system-err>
</testsuite>
